[0.099s] Invoking command in '/home/srinjoy/ros2tut/build/turtlesim': CMAKE_PREFIX_PATH=${CMAKE_PREFIX_PATH}:/home/srinjoy/hb_task2_ws/install/hb_task2b:/home/srinjoy/hb_task2_ws/install/hb_task2a:/home/srinjoy/ws_moveit/install/moveit_configs_utils:/opt/ros/humble /home/srinjoy/.local/bin/cmake /home/srinjoy/ros2tut/src/ros_tutorials/turtlesim -DCMAKE_INSTALL_PREFIX=/home/srinjoy/ros2tut/install/turtlesim
[0.274s] -- The C compiler identification is GNU 11.4.0
[0.385s] -- The CXX compiler identification is GNU 11.4.0
[0.417s] -- Detecting C compiler ABI info
[0.528s] -- Detecting C compiler ABI info - done
[0.539s] -- Check for working C compiler: /usr/bin/cc - skipped
[0.539s] -- Detecting C compile features
[0.539s] -- Detecting C compile features - done
[0.555s] -- Detecting CXX compiler ABI info
[0.666s] -- Detecting CXX compiler ABI info - done
[0.677s] -- Check for working CXX compiler: /usr/bin/c++ - skipped
[0.677s] -- Detecting CXX compile features
[0.677s] -- Detecting CXX compile features - done
[0.690s] -- Found ament_cmake: 1.3.6 (/opt/ros/humble/share/ament_cmake/cmake)
[1.235s] -- Found Python3: /usr/bin/python3.10 (found version "3.10.12") found components: Interpreter 
[1.428s] -- Found ament_index_cpp: 1.4.0 (/opt/ros/humble/share/ament_index_cpp/cmake)
[1.436s] -- Found geometry_msgs: 4.2.3 (/opt/ros/humble/share/geometry_msgs/cmake)
[1.538s] -- Found rosidl_generator_c: 3.1.5 (/opt/ros/humble/share/rosidl_generator_c/cmake)
[1.554s] -- Found rosidl_adapter: 3.1.5 (/opt/ros/humble/share/rosidl_adapter/cmake)
[1.576s] -- Found rosidl_generator_cpp: 3.1.5 (/opt/ros/humble/share/rosidl_generator_cpp/cmake)
[1.607s] -- Using all available rosidl_typesupport_c: rosidl_typesupport_fastrtps_c;rosidl_typesupport_introspection_c
[1.650s] -- Using all available rosidl_typesupport_cpp: rosidl_typesupport_fastrtps_cpp;rosidl_typesupport_introspection_cpp
[1.837s] -- Found rclcpp: 16.0.7 (/opt/ros/humble/share/rclcpp/cmake)
[1.957s] -- Found rmw_implementation_cmake: 6.1.1 (/opt/ros/humble/share/rmw_implementation_cmake/cmake)
[1.968s] -- Found rmw_fastrtps_cpp: 6.2.5 (/opt/ros/humble/share/rmw_fastrtps_cpp/cmake)
[2.173s] -- Found OpenSSL: /usr/lib/x86_64-linux-gnu/libcrypto.so (found version "3.0.2")  
[2.219s] -- Found FastRTPS: /opt/ros/humble/include  
[2.295s] -- Using RMW implementation 'rmw_fastrtps_cpp' as default
[2.322s] -- Performing Test CMAKE_HAVE_LIBC_PTHREAD
[2.422s] -- Performing Test CMAKE_HAVE_LIBC_PTHREAD - Success
[2.423s] -- Found Threads: TRUE  
[2.592s] -- Found rclcpp_action: 16.0.7 (/opt/ros/humble/share/rclcpp_action/cmake)
[2.725s] -- Found rosidl_default_generators: 1.2.0 (/opt/ros/humble/share/rosidl_default_generators/cmake)
[2.752s] -- Found std_srvs: 4.2.3 (/opt/ros/humble/share/std_srvs/cmake)
[3.276s] -- Found ament_cmake_ros: 0.10.0 (/opt/ros/humble/share/ament_cmake_ros/cmake)
[4.108s] -- Using all available rosidl_typesupport_c: rosidl_typesupport_fastrtps_c;rosidl_typesupport_introspection_c
[4.413s] -- Using all available rosidl_typesupport_cpp: rosidl_typesupport_fastrtps_cpp;rosidl_typesupport_introspection_cpp
[4.415s] [33mCMake Warning (dev) at /opt/ros/humble/share/rosidl_generator_py/cmake/rosidl_generator_py_generate_interfaces.cmake:20 (find_package):
[4.415s]   Policy CMP0148 is not set: The FindPythonInterp and FindPythonLibs modules
[4.415s]   are removed.  Run "cmake --help-policy CMP0148" for policy details.  Use
[4.415s]   the cmake_policy command to set the policy and suppress this warning.
[4.415s] 
[4.416s] Call Stack (most recent call first):
[4.416s]   /opt/ros/humble/share/ament_cmake_core/cmake/core/ament_execute_extensions.cmake:48 (include)
[4.416s]   /opt/ros/humble/share/rosidl_cmake/cmake/rosidl_generate_interfaces.cmake:286 (ament_execute_extensions)
[4.416s]   CMakeLists.txt:24 (rosidl_generate_interfaces)
[4.416s] This warning is for project developers.  Use -Wno-dev to suppress it.
[4.416s] [0m
[4.443s] -- Found PythonInterp: /usr/bin/python3 (found suitable version "3.10.12", minimum required is "3.6") 
[4.450s] -- Found python_cmake_module: 0.10.0 (/opt/ros/humble/share/python_cmake_module/cmake)
[4.451s] [33mCMake Warning (dev) at /opt/ros/humble/share/python_cmake_module/cmake/Modules/FindPythonExtra.cmake:52 (find_package):
[4.451s]   Policy CMP0148 is not set: The FindPythonInterp and FindPythonLibs modules
[4.451s]   are removed.  Run "cmake --help-policy CMP0148" for policy details.  Use
[4.451s]   the cmake_policy command to set the policy and suppress this warning.
[4.451s] 
[4.451s] Call Stack (most recent call first):
[4.451s]   /opt/ros/humble/share/rosidl_generator_py/cmake/rosidl_generator_py_generate_interfaces.cmake:23 (find_package)
[4.452s]   /opt/ros/humble/share/ament_cmake_core/cmake/core/ament_execute_extensions.cmake:48 (include)
[4.452s]   /opt/ros/humble/share/rosidl_cmake/cmake/rosidl_generate_interfaces.cmake:286 (ament_execute_extensions)
[4.452s]   CMakeLists.txt:24 (rosidl_generate_interfaces)
[4.452s] This warning is for project developers.  Use -Wno-dev to suppress it.
[4.452s] [0m
[4.474s] [33mCMake Warning (dev) at /opt/ros/humble/share/python_cmake_module/cmake/Modules/FindPythonExtra.cmake:140 (find_package):
[4.474s]   Policy CMP0148 is not set: The FindPythonInterp and FindPythonLibs modules
[4.474s]   are removed.  Run "cmake --help-policy CMP0148" for policy details.  Use
[4.474s]   the cmake_policy command to set the policy and suppress this warning.
[4.474s] 
[4.474s] Call Stack (most recent call first):
[4.474s]   /opt/ros/humble/share/rosidl_generator_py/cmake/rosidl_generator_py_generate_interfaces.cmake:23 (find_package)
[4.474s]   /opt/ros/humble/share/ament_cmake_core/cmake/core/ament_execute_extensions.cmake:48 (include)
[4.474s]   /opt/ros/humble/share/rosidl_cmake/cmake/rosidl_generate_interfaces.cmake:286 (ament_execute_extensions)
[4.474s]   CMakeLists.txt:24 (rosidl_generate_interfaces)
[4.474s] This warning is for project developers.  Use -Wno-dev to suppress it.
[4.475s] [0m
[4.484s] -- Found PythonLibs: /usr/lib/x86_64-linux-gnu/libpython3.10.so (found suitable version "3.10.12", minimum required is "3.5") 
[4.485s] -- Using PYTHON_EXECUTABLE: /usr/bin/python3
[4.485s] -- Using PYTHON_INCLUDE_DIRS: /usr/include/python3.10
[4.485s] -- Using PYTHON_LIBRARIES: /usr/lib/x86_64-linux-gnu/libpython3.10.so
[4.507s] -- Found PythonExtra: .so  
[4.618s] -- Configuring done (4.5s)
[4.696s] -- Generating done (0.1s)
[4.699s] -- Build files have been written to: /home/srinjoy/ros2tut/build/turtlesim
[4.720s] Invoked command in '/home/srinjoy/ros2tut/build/turtlesim' returned '0': CMAKE_PREFIX_PATH=${CMAKE_PREFIX_PATH}:/home/srinjoy/hb_task2_ws/install/hb_task2b:/home/srinjoy/hb_task2_ws/install/hb_task2a:/home/srinjoy/ws_moveit/install/moveit_configs_utils:/opt/ros/humble /home/srinjoy/.local/bin/cmake /home/srinjoy/ros2tut/src/ros_tutorials/turtlesim -DCMAKE_INSTALL_PREFIX=/home/srinjoy/ros2tut/install/turtlesim
[4.723s] Invoking command in '/home/srinjoy/ros2tut/build/turtlesim': CMAKE_PREFIX_PATH=${CMAKE_PREFIX_PATH}:/home/srinjoy/hb_task2_ws/install/hb_task2b:/home/srinjoy/hb_task2_ws/install/hb_task2a:/home/srinjoy/ws_moveit/install/moveit_configs_utils:/opt/ros/humble /home/srinjoy/.local/bin/cmake --build /home/srinjoy/ros2tut/build/turtlesim -- -j12 -l12
[4.783s] [  1%] [34m[1mGenerating C code for ROS interfaces[0m
[4.793s] [  2%] [34m[1mGenerating C++ code for ROS interfaces[0m
[4.796s] [  2%] Built target ament_cmake_python_copy_turtlesim
[5.053s] running egg_info
[5.053s] creating turtlesim.egg-info
[5.054s] writing turtlesim.egg-info/PKG-INFO
[5.054s] writing dependency_links to turtlesim.egg-info/dependency_links.txt
[5.054s] writing top-level names to turtlesim.egg-info/top_level.txt
[5.054s] writing manifest file 'turtlesim.egg-info/SOURCES.txt'
[5.057s] reading manifest file 'turtlesim.egg-info/SOURCES.txt'
[5.057s] writing manifest file 'turtlesim.egg-info/SOURCES.txt'
[5.088s] [  2%] Built target ament_cmake_python_build_turtlesim_egg
[5.534s] [  2%] Built target turtlesim__cpp
[5.544s] [  4%] [34m[1mGenerating C++ introspection for ROS interfaces[0m
[5.544s] [  4%] [34m[1mGenerating C++ type support for eProsima Fast-RTPS[0m
[5.545s] [  5%] [34m[1mGenerating C++ type support dispatch for ROS interfaces[0m
[5.593s] [  6%] [32mBuilding C object CMakeFiles/turtlesim__rosidl_generator_c.dir/rosidl_generator_c/turtlesim/msg/detail/color__functions.c.o[0m
[5.593s] [  7%] [32mBuilding C object CMakeFiles/turtlesim__rosidl_generator_c.dir/rosidl_generator_c/turtlesim/action/detail/rotate_absolute__functions.c.o[0m
[5.593s] [  8%] [32mBuilding C object CMakeFiles/turtlesim__rosidl_generator_c.dir/rosidl_generator_c/turtlesim/msg/detail/pose__functions.c.o[0m
[5.594s] [ 11%] [32mBuilding C object CMakeFiles/turtlesim__rosidl_generator_c.dir/rosidl_generator_c/turtlesim/srv/detail/kill__functions.c.o[0m
[5.594s] [ 11%] [32mBuilding C object CMakeFiles/turtlesim__rosidl_generator_c.dir/rosidl_generator_c/turtlesim/srv/detail/set_pen__functions.c.o[0m
[5.595s] [ 11%] [32mBuilding C object CMakeFiles/turtlesim__rosidl_generator_c.dir/rosidl_generator_c/turtlesim/srv/detail/spawn__functions.c.o[0m
[5.595s] [ 12%] [32mBuilding C object CMakeFiles/turtlesim__rosidl_generator_c.dir/rosidl_generator_c/turtlesim/srv/detail/teleport_absolute__functions.c.o[0m
[5.595s] [ 13%] [32mBuilding C object CMakeFiles/turtlesim__rosidl_generator_c.dir/rosidl_generator_c/turtlesim/srv/detail/teleport_relative__functions.c.o[0m
[5.786s] [ 14%] [32m[1mLinking C shared library libturtlesim__rosidl_generator_c.so[0m
[5.829s] [ 14%] Built target turtlesim__rosidl_generator_c
[5.839s] [ 16%] [34m[1mGenerating C type support dispatch for ROS interfaces[0m
[5.839s] [ 16%] [34m[1mGenerating C type support for eProsima Fast-RTPS[0m
[5.840s] [ 17%] [34m[1mGenerating C introspection for ROS interfaces[0m
[6.091s] [ 18%] [32mBuilding CXX object CMakeFiles/turtlesim__rosidl_typesupport_cpp.dir/rosidl_typesupport_cpp/turtlesim/action/rotate_absolute__type_support.cpp.o[0m
[6.092s] [ 19%] [32mBuilding CXX object CMakeFiles/turtlesim__rosidl_typesupport_cpp.dir/rosidl_typesupport_cpp/turtlesim/msg/pose__type_support.cpp.o[0m
[6.093s] [ 22%] [32mBuilding CXX object CMakeFiles/turtlesim__rosidl_typesupport_cpp.dir/rosidl_typesupport_cpp/turtlesim/srv/kill__type_support.cpp.o[0m
[6.093s] [ 22%] [32mBuilding CXX object CMakeFiles/turtlesim__rosidl_typesupport_cpp.dir/rosidl_typesupport_cpp/turtlesim/msg/color__type_support.cpp.o[0m
[6.093s] [ 22%] [32mBuilding CXX object CMakeFiles/turtlesim__rosidl_typesupport_cpp.dir/rosidl_typesupport_cpp/turtlesim/srv/set_pen__type_support.cpp.o[0m
[6.093s] [ 23%] [32mBuilding CXX object CMakeFiles/turtlesim__rosidl_typesupport_cpp.dir/rosidl_typesupport_cpp/turtlesim/srv/spawn__type_support.cpp.o[0m
[6.095s] [ 24%] [32mBuilding CXX object CMakeFiles/turtlesim__rosidl_typesupport_cpp.dir/rosidl_typesupport_cpp/turtlesim/srv/teleport_absolute__type_support.cpp.o[0m
[6.414s] [ 25%] [32mBuilding CXX object CMakeFiles/turtlesim__rosidl_typesupport_introspection_cpp.dir/rosidl_typesupport_introspection_cpp/turtlesim/action/detail/rotate_absolute__type_support.cpp.o[0m
[6.544s] [ 26%] [32mBuilding CXX object CMakeFiles/turtlesim__rosidl_typesupport_cpp.dir/rosidl_typesupport_cpp/turtlesim/srv/teleport_relative__type_support.cpp.o[0m
[6.551s] [ 27%] [32mBuilding CXX object CMakeFiles/turtlesim__rosidl_typesupport_introspection_cpp.dir/rosidl_typesupport_introspection_cpp/turtlesim/msg/detail/color__type_support.cpp.o[0m
[6.558s] [ 28%] [32mBuilding CXX object CMakeFiles/turtlesim__rosidl_typesupport_introspection_cpp.dir/rosidl_typesupport_introspection_cpp/turtlesim/msg/detail/pose__type_support.cpp.o[0m
[6.564s] [ 29%] [32mBuilding CXX object CMakeFiles/turtlesim__rosidl_typesupport_introspection_cpp.dir/rosidl_typesupport_introspection_cpp/turtlesim/srv/detail/kill__type_support.cpp.o[0m
[6.564s] [ 30%] [32mBuilding CXX object CMakeFiles/turtlesim__rosidl_typesupport_introspection_cpp.dir/rosidl_typesupport_introspection_cpp/turtlesim/srv/detail/set_pen__type_support.cpp.o[0m
[6.566s] [ 31%] [32mBuilding CXX object CMakeFiles/turtlesim__rosidl_typesupport_introspection_cpp.dir/rosidl_typesupport_introspection_cpp/turtlesim/srv/detail/spawn__type_support.cpp.o[0m
[6.593s] [ 32%] [32mBuilding CXX object CMakeFiles/turtlesim__rosidl_typesupport_c.dir/rosidl_typesupport_c/turtlesim/action/rotate_absolute__type_support.cpp.o[0m
[6.680s] [ 33%] [32mBuilding CXX object CMakeFiles/turtlesim__rosidl_typesupport_c.dir/rosidl_typesupport_c/turtlesim/msg/color__type_support.cpp.o[0m
[6.731s] [ 34%] [32mBuilding CXX object CMakeFiles/turtlesim__rosidl_typesupport_fastrtps_cpp.dir/rosidl_typesupport_fastrtps_cpp/turtlesim/action/detail/dds_fastrtps/rotate_absolute__type_support.cpp.o[0m
[6.734s] [ 35%] [32mBuilding CXX object CMakeFiles/turtlesim__rosidl_typesupport_c.dir/rosidl_typesupport_c/turtlesim/msg/pose__type_support.cpp.o[0m
[6.791s] [ 36%] [32mBuilding CXX object CMakeFiles/turtlesim__rosidl_typesupport_c.dir/rosidl_typesupport_c/turtlesim/srv/kill__type_support.cpp.o[0m
[6.850s] [ 37%] [32mBuilding CXX object CMakeFiles/turtlesim__rosidl_typesupport_c.dir/rosidl_typesupport_c/turtlesim/srv/set_pen__type_support.cpp.o[0m
[6.866s] [ 38%] [32mBuilding CXX object CMakeFiles/turtlesim__rosidl_typesupport_fastrtps_cpp.dir/rosidl_typesupport_fastrtps_cpp/turtlesim/msg/detail/dds_fastrtps/color__type_support.cpp.o[0m
[6.911s] [ 39%] [32mBuilding CXX object CMakeFiles/turtlesim__rosidl_typesupport_c.dir/rosidl_typesupport_c/turtlesim/srv/spawn__type_support.cpp.o[0m
[6.939s] [ 40%] [32mBuilding C object CMakeFiles/turtlesim__rosidl_typesupport_introspection_c.dir/rosidl_typesupport_introspection_c/turtlesim/action/detail/rotate_absolute__type_support.c.o[0m
[6.966s] [ 41%] [32mBuilding CXX object CMakeFiles/turtlesim__rosidl_typesupport_c.dir/rosidl_typesupport_c/turtlesim/srv/teleport_absolute__type_support.cpp.o[0m
[6.975s] [ 42%] [32m[1mLinking CXX shared library libturtlesim__rosidl_typesupport_cpp.so[0m
[7.001s] [ 43%] [32mBuilding CXX object CMakeFiles/turtlesim__rosidl_typesupport_fastrtps_c.dir/rosidl_typesupport_fastrtps_c/turtlesim/action/detail/rotate_absolute__type_support_c.cpp.o[0m
[7.021s] [ 44%] [32mBuilding CXX object CMakeFiles/turtlesim__rosidl_typesupport_c.dir/rosidl_typesupport_c/turtlesim/srv/teleport_relative__type_support.cpp.o[0m
[7.028s] [ 45%] [32mBuilding C object CMakeFiles/turtlesim__rosidl_typesupport_introspection_c.dir/rosidl_typesupport_introspection_c/turtlesim/msg/detail/color__type_support.c.o[0m
[7.042s] [ 45%] Built target turtlesim__rosidl_typesupport_cpp
[7.053s] [ 46%] [32mBuilding CXX object CMakeFiles/turtlesim__rosidl_typesupport_fastrtps_c.dir/rosidl_typesupport_fastrtps_c/turtlesim/msg/detail/color__type_support_c.cpp.o[0m
[7.075s] [ 47%] [32m[1mLinking CXX shared library libturtlesim__rosidl_typesupport_c.so[0m
[7.088s] [ 48%] [32mBuilding C object CMakeFiles/turtlesim__rosidl_typesupport_introspection_c.dir/rosidl_typesupport_introspection_c/turtlesim/msg/detail/pose__type_support.c.o[0m
[7.142s] [ 48%] Built target turtlesim__rosidl_typesupport_c
[7.148s] [ 49%] [32mBuilding C object CMakeFiles/turtlesim__rosidl_typesupport_introspection_c.dir/rosidl_typesupport_introspection_c/turtlesim/srv/detail/kill__type_support.c.o[0m
[7.158s] [ 50%] [34m[1mGenerating include/turtlesim/moc_turtle_frame.cpp[0m
[7.167s] [ 51%] [32mBuilding CXX object CMakeFiles/turtlesim__rosidl_typesupport_fastrtps_c.dir/rosidl_typesupport_fastrtps_c/turtlesim/msg/detail/pose__type_support_c.cpp.o[0m
[7.173s] [ 52%] [32mBuilding CXX object CMakeFiles/turtlesim__rosidl_typesupport_introspection_cpp.dir/rosidl_typesupport_introspection_cpp/turtlesim/srv/detail/teleport_absolute__type_support.cpp.o[0m
[7.187s] [ 53%] [32mBuilding CXX object CMakeFiles/turtlesim__rosidl_typesupport_introspection_cpp.dir/rosidl_typesupport_introspection_cpp/turtlesim/srv/detail/teleport_relative__type_support.cpp.o[0m
[7.188s] [ 54%] [32mBuilding CXX object CMakeFiles/turtlesim__rosidl_typesupport_fastrtps_c.dir/rosidl_typesupport_fastrtps_c/turtlesim/srv/detail/kill__type_support_c.cpp.o[0m
[7.198s] [ 55%] [32mBuilding CXX object CMakeFiles/turtlesim__rosidl_typesupport_fastrtps_c.dir/rosidl_typesupport_fastrtps_c/turtlesim/srv/detail/set_pen__type_support_c.cpp.o[0m
[7.216s] [ 56%] [32mBuilding C object CMakeFiles/turtlesim__rosidl_typesupport_introspection_c.dir/rosidl_typesupport_introspection_c/turtlesim/srv/detail/set_pen__type_support.c.o[0m
[7.280s] [ 57%] [32mBuilding C object CMakeFiles/turtlesim__rosidl_typesupport_introspection_c.dir/rosidl_typesupport_introspection_c/turtlesim/srv/detail/spawn__type_support.c.o[0m
[7.310s] [ 58%] [32mBuilding CXX object CMakeFiles/turtlesim_node.dir/src/turtlesim.cpp.o[0m
[7.350s] [ 59%] [32mBuilding C object CMakeFiles/turtlesim__rosidl_typesupport_introspection_c.dir/rosidl_typesupport_introspection_c/turtlesim/srv/detail/teleport_absolute__type_support.c.o[0m
[7.417s] [ 60%] [32mBuilding C object CMakeFiles/turtlesim__rosidl_typesupport_introspection_c.dir/rosidl_typesupport_introspection_c/turtlesim/srv/detail/teleport_relative__type_support.c.o[0m
[7.419s] [ 61%] [32mBuilding CXX object CMakeFiles/turtlesim_node.dir/src/turtle.cpp.o[0m
[7.486s] [ 62%] [32m[1mLinking C shared library libturtlesim__rosidl_typesupport_introspection_c.so[0m
[7.516s] [ 63%] [32mBuilding CXX object CMakeFiles/turtlesim__rosidl_typesupport_fastrtps_cpp.dir/rosidl_typesupport_fastrtps_cpp/turtlesim/msg/detail/dds_fastrtps/pose__type_support.cpp.o[0m
[7.538s] [ 63%] Built target turtlesim__rosidl_typesupport_introspection_c
[7.569s] [ 64%] [32mBuilding CXX object CMakeFiles/turtle_teleop_key.dir/tutorials/teleop_turtle_key.cpp.o[0m
[7.595s] [ 65%] [32mBuilding CXX object CMakeFiles/turtlesim__rosidl_typesupport_fastrtps_c.dir/rosidl_typesupport_fastrtps_c/turtlesim/srv/detail/spawn__type_support_c.cpp.o[0m
[7.631s] [ 66%] [32mBuilding CXX object CMakeFiles/turtlesim__rosidl_typesupport_fastrtps_c.dir/rosidl_typesupport_fastrtps_c/turtlesim/srv/detail/teleport_absolute__type_support_c.cpp.o[0m
[7.659s] [ 67%] [32mBuilding CXX object CMakeFiles/turtlesim__rosidl_typesupport_fastrtps_cpp.dir/rosidl_typesupport_fastrtps_cpp/turtlesim/srv/detail/dds_fastrtps/kill__type_support.cpp.o[0m
[7.681s] [ 68%] [32mBuilding CXX object CMakeFiles/turtlesim__rosidl_typesupport_fastrtps_c.dir/rosidl_typesupport_fastrtps_c/turtlesim/srv/detail/teleport_relative__type_support_c.cpp.o[0m
[7.749s] [ 69%] [32mBuilding CXX object CMakeFiles/draw_square.dir/tutorials/draw_square.cpp.o[0m
[7.775s] [ 70%] [32mBuilding CXX object CMakeFiles/turtlesim_node.dir/src/turtle_frame.cpp.o[0m
[7.787s] [ 71%] [32mBuilding CXX object CMakeFiles/mimic.dir/tutorials/mimic.cpp.o[0m
[7.819s] [ 72%] [32m[1mLinking CXX shared library libturtlesim__rosidl_typesupport_introspection_cpp.so[0m
[7.999s] [ 72%] Built target turtlesim__rosidl_typesupport_introspection_cpp
[8.011s] [ 73%] [32mBuilding CXX object CMakeFiles/turtlesim_node.dir/include/turtlesim/moc_turtle_frame.cpp.o[0m
[8.127s] [ 74%] [32mBuilding CXX object CMakeFiles/turtlesim__rosidl_typesupport_fastrtps_cpp.dir/rosidl_typesupport_fastrtps_cpp/turtlesim/srv/detail/dds_fastrtps/set_pen__type_support.cpp.o[0m
[8.178s] [ 75%] [32mBuilding CXX object CMakeFiles/turtlesim__rosidl_typesupport_fastrtps_cpp.dir/rosidl_typesupport_fastrtps_cpp/turtlesim/srv/detail/dds_fastrtps/spawn__type_support.cpp.o[0m
[8.233s] [ 77%] [32mBuilding CXX object CMakeFiles/turtlesim__rosidl_typesupport_fastrtps_cpp.dir/rosidl_typesupport_fastrtps_cpp/turtlesim/srv/detail/dds_fastrtps/teleport_absolute__type_support.cpp.o[0m
[8.233s] [ 77%] [32m[1mLinking CXX shared library libturtlesim__rosidl_typesupport_fastrtps_c.so[0m
[8.359s] [ 78%] [32mBuilding CXX object CMakeFiles/turtlesim__rosidl_typesupport_fastrtps_cpp.dir/rosidl_typesupport_fastrtps_cpp/turtlesim/srv/detail/dds_fastrtps/teleport_relative__type_support.cpp.o[0m
[8.473s] [ 78%] Built target turtlesim__rosidl_typesupport_fastrtps_c
[8.964s] [ 79%] [32m[1mLinking CXX shared library libturtlesim__rosidl_typesupport_fastrtps_cpp.so[0m
[9.162s] [ 79%] Built target turtlesim__rosidl_typesupport_fastrtps_cpp
[9.188s] [ 79%] Built target turtlesim
[9.216s] [ 80%] [34m[1mGenerating Python code for ROS interfaces[0m
[11.840s] [ 80%] Built target turtlesim__py
[11.869s] [ 81%] [32mBuilding C object CMakeFiles/turtlesim__rosidl_generator_py.dir/rosidl_generator_py/turtlesim/msg/_pose_s.c.o[0m
[11.871s] [ 82%] [32mBuilding C object CMakeFiles/turtlesim__rosidl_generator_py.dir/rosidl_generator_py/turtlesim/msg/_color_s.c.o[0m
[11.872s] [ 83%] [32mBuilding C object CMakeFiles/turtlesim__rosidl_generator_py.dir/rosidl_generator_py/turtlesim/srv/_kill_s.c.o[0m
[11.874s] [ 84%] [32mBuilding C object CMakeFiles/turtlesim__rosidl_generator_py.dir/rosidl_generator_py/turtlesim/action/_rotate_absolute_s.c.o[0m
[11.880s] [ 85%] [32mBuilding C object CMakeFiles/turtlesim__rosidl_generator_py.dir/rosidl_generator_py/turtlesim/srv/_set_pen_s.c.o[0m
[12.140s] [ 86%] [32mBuilding C object CMakeFiles/turtlesim__rosidl_generator_py.dir/rosidl_generator_py/turtlesim/srv/_spawn_s.c.o[0m
[12.142s] [ 87%] [32mBuilding C object CMakeFiles/turtlesim__rosidl_generator_py.dir/rosidl_generator_py/turtlesim/srv/_teleport_absolute_s.c.o[0m
[12.148s] [ 88%] [32mBuilding C object CMakeFiles/turtlesim__rosidl_generator_py.dir/rosidl_generator_py/turtlesim/srv/_teleport_relative_s.c.o[0m
[12.334s] [ 89%] [32m[1mLinking C shared library rosidl_generator_py/turtlesim/libturtlesim__rosidl_generator_py.so[0m
[12.401s] [ 89%] Built target turtlesim__rosidl_generator_py
[12.424s] [ 90%] [32mBuilding C object CMakeFiles/turtlesim__rosidl_typesupport_c__pyext.dir/rosidl_generator_py/turtlesim/_turtlesim_s.ep.rosidl_typesupport_c.c.o[0m
[12.424s] [ 91%] [32mBuilding C object CMakeFiles/turtlesim__rosidl_typesupport_fastrtps_c__pyext.dir/rosidl_generator_py/turtlesim/_turtlesim_s.ep.rosidl_typesupport_fastrtps_c.c.o[0m
[12.429s] [ 92%] [32mBuilding C object CMakeFiles/turtlesim__rosidl_typesupport_introspection_c__pyext.dir/rosidl_generator_py/turtlesim/_turtlesim_s.ep.rosidl_typesupport_introspection_c.c.o[0m
[12.678s] [ 93%] [32m[1mLinking C shared library rosidl_generator_py/turtlesim/turtlesim_s__rosidl_typesupport_introspection_c.cpython-310-x86_64-linux-gnu.so[0m
[12.696s] [ 94%] [32m[1mLinking C shared library rosidl_generator_py/turtlesim/turtlesim_s__rosidl_typesupport_fastrtps_c.cpython-310-x86_64-linux-gnu.so[0m
[12.720s] [ 95%] [32m[1mLinking C shared library rosidl_generator_py/turtlesim/turtlesim_s__rosidl_typesupport_c.cpython-310-x86_64-linux-gnu.so[0m
[12.752s] [ 95%] Built target turtlesim__rosidl_typesupport_introspection_c__pyext
[12.758s] [ 95%] Built target turtlesim__rosidl_typesupport_fastrtps_c__pyext
[12.775s] [ 95%] Built target turtlesim__rosidl_typesupport_c__pyext
[15.564s] [ 96%] [32m[1mLinking CXX executable turtle_teleop_key[0m
[16.067s] [ 96%] Built target turtle_teleop_key
[18.438s] [ 97%] [32m[1mLinking CXX executable mimic[0m
[19.165s] [ 97%] Built target mimic
[19.271s] [ 98%] [32m[1mLinking CXX executable draw_square[0m
[19.985s] [ 98%] Built target draw_square
[22.088s] [100%] [32m[1mLinking CXX executable turtlesim_node[0m
[24.679s] [100%] Built target turtlesim_node
[24.696s] Invoked command in '/home/srinjoy/ros2tut/build/turtlesim' returned '0': CMAKE_PREFIX_PATH=${CMAKE_PREFIX_PATH}:/home/srinjoy/hb_task2_ws/install/hb_task2b:/home/srinjoy/hb_task2_ws/install/hb_task2a:/home/srinjoy/ws_moveit/install/moveit_configs_utils:/opt/ros/humble /home/srinjoy/.local/bin/cmake --build /home/srinjoy/ros2tut/build/turtlesim -- -j12 -l12
[25.219s] Invoking command in '/home/srinjoy/ros2tut/build/turtlesim': CMAKE_PREFIX_PATH=${CMAKE_PREFIX_PATH}:/home/srinjoy/hb_task2_ws/install/hb_task2b:/home/srinjoy/hb_task2_ws/install/hb_task2a:/home/srinjoy/ws_moveit/install/moveit_configs_utils:/opt/ros/humble /home/srinjoy/.local/bin/cmake --install /home/srinjoy/ros2tut/build/turtlesim
[25.250s] -- Install configuration: ""
[25.251s] -- Installing: /home/srinjoy/ros2tut/install/turtlesim/share/ament_index/resource_index/rosidl_interfaces/turtlesim
[25.251s] -- Installing: /home/srinjoy/ros2tut/install/turtlesim/include/turtlesim/turtlesim
[25.251s] -- Installing: /home/srinjoy/ros2tut/install/turtlesim/include/turtlesim/turtlesim/msg
[25.251s] -- Installing: /home/srinjoy/ros2tut/install/turtlesim/include/turtlesim/turtlesim/msg/detail
[25.251s] -- Installing: /home/srinjoy/ros2tut/install/turtlesim/include/turtlesim/turtlesim/msg/detail/pose__struct.h
[25.251s] -- Installing: /home/srinjoy/ros2tut/install/turtlesim/include/turtlesim/turtlesim/msg/detail/pose__functions.c
[25.252s] -- Installing: /home/srinjoy/ros2tut/install/turtlesim/include/turtlesim/turtlesim/msg/detail/color__struct.h
[25.252s] -- Installing: /home/srinjoy/ros2tut/install/turtlesim/include/turtlesim/turtlesim/msg/detail/pose__functions.h
[25.252s] -- Installing: /home/srinjoy/ros2tut/install/turtlesim/include/turtlesim/turtlesim/msg/detail/color__type_support.h
[25.252s] -- Installing: /home/srinjoy/ros2tut/install/turtlesim/include/turtlesim/turtlesim/msg/detail/color__functions.c
[25.252s] -- Installing: /home/srinjoy/ros2tut/install/turtlesim/include/turtlesim/turtlesim/msg/detail/pose__type_support.h
[25.253s] -- Installing: /home/srinjoy/ros2tut/install/turtlesim/include/turtlesim/turtlesim/msg/detail/color__functions.h
[25.253s] -- Installing: /home/srinjoy/ros2tut/install/turtlesim/include/turtlesim/turtlesim/msg/color.h
[25.253s] -- Installing: /home/srinjoy/ros2tut/install/turtlesim/include/turtlesim/turtlesim/msg/rosidl_generator_c__visibility_control.h
[25.253s] -- Installing: /home/srinjoy/ros2tut/install/turtlesim/include/turtlesim/turtlesim/msg/pose.h
[25.253s] -- Installing: /home/srinjoy/ros2tut/install/turtlesim/include/turtlesim/turtlesim/action
[25.253s] -- Installing: /home/srinjoy/ros2tut/install/turtlesim/include/turtlesim/turtlesim/action/detail
[25.254s] -- Installing: /home/srinjoy/ros2tut/install/turtlesim/include/turtlesim/turtlesim/action/detail/rotate_absolute__functions.c
[25.254s] -- Installing: /home/srinjoy/ros2tut/install/turtlesim/include/turtlesim/turtlesim/action/detail/rotate_absolute__functions.h
[25.254s] -- Installing: /home/srinjoy/ros2tut/install/turtlesim/include/turtlesim/turtlesim/action/detail/rotate_absolute__struct.h
[25.254s] -- Installing: /home/srinjoy/ros2tut/install/turtlesim/include/turtlesim/turtlesim/action/detail/rotate_absolute__type_support.h
[25.255s] -- Installing: /home/srinjoy/ros2tut/install/turtlesim/include/turtlesim/turtlesim/action/rotate_absolute.h
[25.255s] -- Installing: /home/srinjoy/ros2tut/install/turtlesim/include/turtlesim/turtlesim/srv
[25.255s] -- Installing: /home/srinjoy/ros2tut/install/turtlesim/include/turtlesim/turtlesim/srv/detail
[25.255s] -- Installing: /home/srinjoy/ros2tut/install/turtlesim/include/turtlesim/turtlesim/srv/detail/kill__struct.h
[25.255s] -- Installing: /home/srinjoy/ros2tut/install/turtlesim/include/turtlesim/turtlesim/srv/detail/teleport_relative__type_support.h
[25.255s] -- Installing: /home/srinjoy/ros2tut/install/turtlesim/include/turtlesim/turtlesim/srv/detail/set_pen__type_support.h
[25.255s] -- Installing: /home/srinjoy/ros2tut/install/turtlesim/include/turtlesim/turtlesim/srv/detail/teleport_relative__functions.c
[25.256s] -- Installing: /home/srinjoy/ros2tut/install/turtlesim/include/turtlesim/turtlesim/srv/detail/spawn__functions.h
[25.256s] -- Installing: /home/srinjoy/ros2tut/install/turtlesim/include/turtlesim/turtlesim/srv/detail/set_pen__struct.h
[25.256s] -- Installing: /home/srinjoy/ros2tut/install/turtlesim/include/turtlesim/turtlesim/srv/detail/teleport_relative__functions.h
[25.256s] -- Installing: /home/srinjoy/ros2tut/install/turtlesim/include/turtlesim/turtlesim/srv/detail/spawn__type_support.h
[25.256s] -- Installing: /home/srinjoy/ros2tut/install/turtlesim/include/turtlesim/turtlesim/srv/detail/kill__functions.c
[25.257s] -- Installing: /home/srinjoy/ros2tut/install/turtlesim/include/turtlesim/turtlesim/srv/detail/teleport_absolute__functions.c
[25.257s] -- Installing: /home/srinjoy/ros2tut/install/turtlesim/include/turtlesim/turtlesim/srv/detail/set_pen__functions.h
[25.257s] -- Installing: /home/srinjoy/ros2tut/install/turtlesim/include/turtlesim/turtlesim/srv/detail/spawn__functions.c
[25.257s] -- Installing: /home/srinjoy/ros2tut/install/turtlesim/include/turtlesim/turtlesim/srv/detail/teleport_absolute__type_support.h
[25.258s] -- Installing: /home/srinjoy/ros2tut/install/turtlesim/include/turtlesim/turtlesim/srv/detail/spawn__struct.h
[25.258s] -- Installing: /home/srinjoy/ros2tut/install/turtlesim/include/turtlesim/turtlesim/srv/detail/set_pen__functions.c
[25.258s] -- Installing: /home/srinjoy/ros2tut/install/turtlesim/include/turtlesim/turtlesim/srv/detail/teleport_absolute__struct.h
[25.258s] -- Installing: /home/srinjoy/ros2tut/install/turtlesim/include/turtlesim/turtlesim/srv/detail/kill__functions.h
[25.258s] -- Installing: /home/srinjoy/ros2tut/install/turtlesim/include/turtlesim/turtlesim/srv/detail/teleport_relative__struct.h
[25.258s] -- Installing: /home/srinjoy/ros2tut/install/turtlesim/include/turtlesim/turtlesim/srv/detail/kill__type_support.h
[25.259s] -- Installing: /home/srinjoy/ros2tut/install/turtlesim/include/turtlesim/turtlesim/srv/detail/teleport_absolute__functions.h
[25.259s] -- Installing: /home/srinjoy/ros2tut/install/turtlesim/include/turtlesim/turtlesim/srv/teleport_absolute.h
[25.259s] -- Installing: /home/srinjoy/ros2tut/install/turtlesim/include/turtlesim/turtlesim/srv/teleport_relative.h
[25.259s] -- Installing: /home/srinjoy/ros2tut/install/turtlesim/include/turtlesim/turtlesim/srv/spawn.h
[25.260s] -- Installing: /home/srinjoy/ros2tut/install/turtlesim/include/turtlesim/turtlesim/srv/kill.h
[25.260s] -- Installing: /home/srinjoy/ros2tut/install/turtlesim/include/turtlesim/turtlesim/srv/set_pen.h
[25.260s] -- Installing: /home/srinjoy/ros2tut/install/turtlesim/share/turtlesim/environment/library_path.sh
[25.261s] -- Installing: /home/srinjoy/ros2tut/install/turtlesim/share/turtlesim/environment/library_path.dsv
[25.261s] -- Installing: /home/srinjoy/ros2tut/install/turtlesim/lib/libturtlesim__rosidl_generator_c.so
[25.262s] -- Set runtime path of "/home/srinjoy/ros2tut/install/turtlesim/lib/libturtlesim__rosidl_generator_c.so" to ""
[25.262s] -- Up-to-date: /home/srinjoy/ros2tut/install/turtlesim/include/turtlesim/turtlesim
[25.262s] -- Up-to-date: /home/srinjoy/ros2tut/install/turtlesim/include/turtlesim/turtlesim/msg
[25.262s] -- Up-to-date: /home/srinjoy/ros2tut/install/turtlesim/include/turtlesim/turtlesim/msg/detail
[25.262s] -- Installing: /home/srinjoy/ros2tut/install/turtlesim/include/turtlesim/turtlesim/msg/detail/color__rosidl_typesupport_fastrtps_c.h
[25.262s] -- Installing: /home/srinjoy/ros2tut/install/turtlesim/include/turtlesim/turtlesim/msg/detail/pose__rosidl_typesupport_fastrtps_c.h
[25.262s] -- Installing: /home/srinjoy/ros2tut/install/turtlesim/include/turtlesim/turtlesim/msg/rosidl_typesupport_fastrtps_c__visibility_control.h
[25.262s] -- Up-to-date: /home/srinjoy/ros2tut/install/turtlesim/include/turtlesim/turtlesim/action
[25.263s] -- Up-to-date: /home/srinjoy/ros2tut/install/turtlesim/include/turtlesim/turtlesim/action/detail
[25.263s] -- Installing: /home/srinjoy/ros2tut/install/turtlesim/include/turtlesim/turtlesim/action/detail/rotate_absolute__rosidl_typesupport_fastrtps_c.h
[25.263s] -- Up-to-date: /home/srinjoy/ros2tut/install/turtlesim/include/turtlesim/turtlesim/srv
[25.263s] -- Up-to-date: /home/srinjoy/ros2tut/install/turtlesim/include/turtlesim/turtlesim/srv/detail
[25.263s] -- Installing: /home/srinjoy/ros2tut/install/turtlesim/include/turtlesim/turtlesim/srv/detail/teleport_absolute__rosidl_typesupport_fastrtps_c.h
[25.263s] -- Installing: /home/srinjoy/ros2tut/install/turtlesim/include/turtlesim/turtlesim/srv/detail/teleport_relative__rosidl_typesupport_fastrtps_c.h
[25.263s] -- Installing: /home/srinjoy/ros2tut/install/turtlesim/include/turtlesim/turtlesim/srv/detail/kill__rosidl_typesupport_fastrtps_c.h
[25.263s] -- Installing: /home/srinjoy/ros2tut/install/turtlesim/include/turtlesim/turtlesim/srv/detail/set_pen__rosidl_typesupport_fastrtps_c.h
[25.264s] -- Installing: /home/srinjoy/ros2tut/install/turtlesim/include/turtlesim/turtlesim/srv/detail/spawn__rosidl_typesupport_fastrtps_c.h
[25.264s] -- Installing: /home/srinjoy/ros2tut/install/turtlesim/lib/libturtlesim__rosidl_typesupport_fastrtps_c.so
[25.264s] -- Set runtime path of "/home/srinjoy/ros2tut/install/turtlesim/lib/libturtlesim__rosidl_typesupport_fastrtps_c.so" to ""
[25.265s] -- Up-to-date: /home/srinjoy/ros2tut/install/turtlesim/include/turtlesim/turtlesim
[25.265s] -- Up-to-date: /home/srinjoy/ros2tut/install/turtlesim/include/turtlesim/turtlesim/msg
[25.265s] -- Up-to-date: /home/srinjoy/ros2tut/install/turtlesim/include/turtlesim/turtlesim/msg/detail
[25.265s] -- Installing: /home/srinjoy/ros2tut/install/turtlesim/include/turtlesim/turtlesim/msg/detail/pose__struct.hpp
[25.265s] -- Installing: /home/srinjoy/ros2tut/install/turtlesim/include/turtlesim/turtlesim/msg/detail/pose__builder.hpp
[25.265s] -- Installing: /home/srinjoy/ros2tut/install/turtlesim/include/turtlesim/turtlesim/msg/detail/color__struct.hpp
[25.265s] -- Installing: /home/srinjoy/ros2tut/install/turtlesim/include/turtlesim/turtlesim/msg/detail/pose__traits.hpp
[25.265s] -- Installing: /home/srinjoy/ros2tut/install/turtlesim/include/turtlesim/turtlesim/msg/detail/color__builder.hpp
[25.266s] -- Installing: /home/srinjoy/ros2tut/install/turtlesim/include/turtlesim/turtlesim/msg/detail/color__traits.hpp
[25.266s] -- Installing: /home/srinjoy/ros2tut/install/turtlesim/include/turtlesim/turtlesim/msg/color.hpp
[25.266s] -- Installing: /home/srinjoy/ros2tut/install/turtlesim/include/turtlesim/turtlesim/msg/pose.hpp
[25.266s] -- Up-to-date: /home/srinjoy/ros2tut/install/turtlesim/include/turtlesim/turtlesim/action
[25.266s] -- Up-to-date: /home/srinjoy/ros2tut/install/turtlesim/include/turtlesim/turtlesim/action/detail
[25.266s] -- Installing: /home/srinjoy/ros2tut/install/turtlesim/include/turtlesim/turtlesim/action/detail/rotate_absolute__struct.hpp
[25.266s] -- Installing: /home/srinjoy/ros2tut/install/turtlesim/include/turtlesim/turtlesim/action/detail/rotate_absolute__builder.hpp
[25.266s] -- Installing: /home/srinjoy/ros2tut/install/turtlesim/include/turtlesim/turtlesim/action/detail/rotate_absolute__traits.hpp
[25.267s] -- Installing: /home/srinjoy/ros2tut/install/turtlesim/include/turtlesim/turtlesim/action/rotate_absolute.hpp
[25.267s] -- Up-to-date: /home/srinjoy/ros2tut/install/turtlesim/include/turtlesim/turtlesim/srv
[25.267s] -- Up-to-date: /home/srinjoy/ros2tut/install/turtlesim/include/turtlesim/turtlesim/srv/detail
[25.267s] -- Installing: /home/srinjoy/ros2tut/install/turtlesim/include/turtlesim/turtlesim/srv/detail/teleport_absolute__traits.hpp
[25.267s] -- Installing: /home/srinjoy/ros2tut/install/turtlesim/include/turtlesim/turtlesim/srv/detail/spawn__struct.hpp
[25.267s] -- Installing: /home/srinjoy/ros2tut/install/turtlesim/include/turtlesim/turtlesim/srv/detail/teleport_relative__struct.hpp
[25.267s] -- Installing: /home/srinjoy/ros2tut/install/turtlesim/include/turtlesim/turtlesim/srv/detail/set_pen__builder.hpp
[25.267s] -- Installing: /home/srinjoy/ros2tut/install/turtlesim/include/turtlesim/turtlesim/srv/detail/set_pen__struct.hpp
[25.268s] -- Installing: /home/srinjoy/ros2tut/install/turtlesim/include/turtlesim/turtlesim/srv/detail/kill__struct.hpp
[25.268s] -- Installing: /home/srinjoy/ros2tut/install/turtlesim/include/turtlesim/turtlesim/srv/detail/kill__traits.hpp
[25.268s] -- Installing: /home/srinjoy/ros2tut/install/turtlesim/include/turtlesim/turtlesim/srv/detail/teleport_absolute__struct.hpp
[25.268s] -- Installing: /home/srinjoy/ros2tut/install/turtlesim/include/turtlesim/turtlesim/srv/detail/kill__builder.hpp
[25.268s] -- Installing: /home/srinjoy/ros2tut/install/turtlesim/include/turtlesim/turtlesim/srv/detail/teleport_relative__traits.hpp
[25.268s] -- Installing: /home/srinjoy/ros2tut/install/turtlesim/include/turtlesim/turtlesim/srv/detail/set_pen__traits.hpp
[25.268s] -- Installing: /home/srinjoy/ros2tut/install/turtlesim/include/turtlesim/turtlesim/srv/detail/teleport_absolute__builder.hpp
[25.268s] -- Installing: /home/srinjoy/ros2tut/install/turtlesim/include/turtlesim/turtlesim/srv/detail/spawn__builder.hpp
[25.269s] -- Installing: /home/srinjoy/ros2tut/install/turtlesim/include/turtlesim/turtlesim/srv/detail/spawn__traits.hpp
[25.269s] -- Installing: /home/srinjoy/ros2tut/install/turtlesim/include/turtlesim/turtlesim/srv/detail/teleport_relative__builder.hpp
[25.269s] -- Installing: /home/srinjoy/ros2tut/install/turtlesim/include/turtlesim/turtlesim/srv/kill.hpp
[25.269s] -- Installing: /home/srinjoy/ros2tut/install/turtlesim/include/turtlesim/turtlesim/srv/spawn.hpp
[25.269s] -- Installing: /home/srinjoy/ros2tut/install/turtlesim/include/turtlesim/turtlesim/srv/teleport_relative.hpp
[25.269s] -- Installing: /home/srinjoy/ros2tut/install/turtlesim/include/turtlesim/turtlesim/srv/teleport_absolute.hpp
[25.269s] -- Installing: /home/srinjoy/ros2tut/install/turtlesim/include/turtlesim/turtlesim/srv/set_pen.hpp
[25.269s] -- Up-to-date: /home/srinjoy/ros2tut/install/turtlesim/include/turtlesim/turtlesim
[25.270s] -- Up-to-date: /home/srinjoy/ros2tut/install/turtlesim/include/turtlesim/turtlesim/msg
[25.270s] -- Up-to-date: /home/srinjoy/ros2tut/install/turtlesim/include/turtlesim/turtlesim/msg/detail
[25.270s] -- Installing: /home/srinjoy/ros2tut/install/turtlesim/include/turtlesim/turtlesim/msg/detail/pose__rosidl_typesupport_fastrtps_cpp.hpp
[25.270s] -- Installing: /home/srinjoy/ros2tut/install/turtlesim/include/turtlesim/turtlesim/msg/detail/dds_fastrtps
[25.270s] -- Installing: /home/srinjoy/ros2tut/install/turtlesim/include/turtlesim/turtlesim/msg/detail/color__rosidl_typesupport_fastrtps_cpp.hpp
[25.270s] -- Installing: /home/srinjoy/ros2tut/install/turtlesim/include/turtlesim/turtlesim/msg/rosidl_typesupport_fastrtps_cpp__visibility_control.h
[25.270s] -- Up-to-date: /home/srinjoy/ros2tut/install/turtlesim/include/turtlesim/turtlesim/action
[25.270s] -- Up-to-date: /home/srinjoy/ros2tut/install/turtlesim/include/turtlesim/turtlesim/action/detail
[25.270s] -- Installing: /home/srinjoy/ros2tut/install/turtlesim/include/turtlesim/turtlesim/action/detail/rotate_absolute__rosidl_typesupport_fastrtps_cpp.hpp
[25.271s] -- Installing: /home/srinjoy/ros2tut/install/turtlesim/include/turtlesim/turtlesim/action/detail/dds_fastrtps
[25.271s] -- Up-to-date: /home/srinjoy/ros2tut/install/turtlesim/include/turtlesim/turtlesim/srv
[25.271s] -- Up-to-date: /home/srinjoy/ros2tut/install/turtlesim/include/turtlesim/turtlesim/srv/detail
[25.271s] -- Installing: /home/srinjoy/ros2tut/install/turtlesim/include/turtlesim/turtlesim/srv/detail/teleport_absolute__rosidl_typesupport_fastrtps_cpp.hpp
[25.271s] -- Installing: /home/srinjoy/ros2tut/install/turtlesim/include/turtlesim/turtlesim/srv/detail/teleport_relative__rosidl_typesupport_fastrtps_cpp.hpp
[25.271s] -- Installing: /home/srinjoy/ros2tut/install/turtlesim/include/turtlesim/turtlesim/srv/detail/dds_fastrtps
[25.271s] -- Installing: /home/srinjoy/ros2tut/install/turtlesim/include/turtlesim/turtlesim/srv/detail/spawn__rosidl_typesupport_fastrtps_cpp.hpp
[25.271s] -- Installing: /home/srinjoy/ros2tut/install/turtlesim/include/turtlesim/turtlesim/srv/detail/kill__rosidl_typesupport_fastrtps_cpp.hpp
[25.272s] -- Installing: /home/srinjoy/ros2tut/install/turtlesim/include/turtlesim/turtlesim/srv/detail/set_pen__rosidl_typesupport_fastrtps_cpp.hpp
[25.272s] -- Installing: /home/srinjoy/ros2tut/install/turtlesim/lib/libturtlesim__rosidl_typesupport_fastrtps_cpp.so
[25.272s] -- Set runtime path of "/home/srinjoy/ros2tut/install/turtlesim/lib/libturtlesim__rosidl_typesupport_fastrtps_cpp.so" to ""
[25.272s] -- Up-to-date: /home/srinjoy/ros2tut/install/turtlesim/include/turtlesim/turtlesim
[25.273s] -- Up-to-date: /home/srinjoy/ros2tut/install/turtlesim/include/turtlesim/turtlesim/msg
[25.273s] -- Up-to-date: /home/srinjoy/ros2tut/install/turtlesim/include/turtlesim/turtlesim/msg/detail
[25.273s] -- Installing: /home/srinjoy/ros2tut/install/turtlesim/include/turtlesim/turtlesim/msg/detail/color__rosidl_typesupport_introspection_c.h
[25.273s] -- Installing: /home/srinjoy/ros2tut/install/turtlesim/include/turtlesim/turtlesim/msg/detail/pose__rosidl_typesupport_introspection_c.h
[25.273s] -- Installing: /home/srinjoy/ros2tut/install/turtlesim/include/turtlesim/turtlesim/msg/detail/pose__type_support.c
[25.273s] -- Installing: /home/srinjoy/ros2tut/install/turtlesim/include/turtlesim/turtlesim/msg/detail/color__type_support.c
[25.273s] -- Installing: /home/srinjoy/ros2tut/install/turtlesim/include/turtlesim/turtlesim/msg/rosidl_typesupport_introspection_c__visibility_control.h
[25.273s] -- Up-to-date: /home/srinjoy/ros2tut/install/turtlesim/include/turtlesim/turtlesim/action
[25.274s] -- Up-to-date: /home/srinjoy/ros2tut/install/turtlesim/include/turtlesim/turtlesim/action/detail
[25.274s] -- Installing: /home/srinjoy/ros2tut/install/turtlesim/include/turtlesim/turtlesim/action/detail/rotate_absolute__type_support.c
[25.274s] -- Installing: /home/srinjoy/ros2tut/install/turtlesim/include/turtlesim/turtlesim/action/detail/rotate_absolute__rosidl_typesupport_introspection_c.h
[25.274s] -- Up-to-date: /home/srinjoy/ros2tut/install/turtlesim/include/turtlesim/turtlesim/srv
[25.274s] -- Up-to-date: /home/srinjoy/ros2tut/install/turtlesim/include/turtlesim/turtlesim/srv/detail
[25.274s] -- Installing: /home/srinjoy/ros2tut/install/turtlesim/include/turtlesim/turtlesim/srv/detail/spawn__rosidl_typesupport_introspection_c.h
[25.274s] -- Installing: /home/srinjoy/ros2tut/install/turtlesim/include/turtlesim/turtlesim/srv/detail/teleport_absolute__type_support.c
[25.275s] -- Installing: /home/srinjoy/ros2tut/install/turtlesim/include/turtlesim/turtlesim/srv/detail/teleport_relative__type_support.c
[25.275s] -- Installing: /home/srinjoy/ros2tut/install/turtlesim/include/turtlesim/turtlesim/srv/detail/kill__type_support.c
[25.275s] -- Installing: /home/srinjoy/ros2tut/install/turtlesim/include/turtlesim/turtlesim/srv/detail/kill__rosidl_typesupport_introspection_c.h
[25.275s] -- Installing: /home/srinjoy/ros2tut/install/turtlesim/include/turtlesim/turtlesim/srv/detail/set_pen__type_support.c
[25.276s] -- Installing: /home/srinjoy/ros2tut/install/turtlesim/include/turtlesim/turtlesim/srv/detail/teleport_absolute__rosidl_typesupport_introspection_c.h
[25.276s] -- Installing: /home/srinjoy/ros2tut/install/turtlesim/include/turtlesim/turtlesim/srv/detail/set_pen__rosidl_typesupport_introspection_c.h
[25.276s] -- Installing: /home/srinjoy/ros2tut/install/turtlesim/include/turtlesim/turtlesim/srv/detail/teleport_relative__rosidl_typesupport_introspection_c.h
[25.276s] -- Installing: /home/srinjoy/ros2tut/install/turtlesim/include/turtlesim/turtlesim/srv/detail/spawn__type_support.c
[25.277s] -- Installing: /home/srinjoy/ros2tut/install/turtlesim/lib/libturtlesim__rosidl_typesupport_introspection_c.so
[25.277s] -- Set runtime path of "/home/srinjoy/ros2tut/install/turtlesim/lib/libturtlesim__rosidl_typesupport_introspection_c.so" to ""
[25.277s] -- Installing: /home/srinjoy/ros2tut/install/turtlesim/lib/libturtlesim__rosidl_typesupport_c.so
[25.278s] -- Set runtime path of "/home/srinjoy/ros2tut/install/turtlesim/lib/libturtlesim__rosidl_typesupport_c.so" to ""
[25.278s] -- Up-to-date: /home/srinjoy/ros2tut/install/turtlesim/include/turtlesim/turtlesim
[25.278s] -- Up-to-date: /home/srinjoy/ros2tut/install/turtlesim/include/turtlesim/turtlesim/msg
[25.278s] -- Up-to-date: /home/srinjoy/ros2tut/install/turtlesim/include/turtlesim/turtlesim/msg/detail
[25.278s] -- Installing: /home/srinjoy/ros2tut/install/turtlesim/include/turtlesim/turtlesim/msg/detail/color__rosidl_typesupport_introspection_cpp.hpp
[25.278s] -- Installing: /home/srinjoy/ros2tut/install/turtlesim/include/turtlesim/turtlesim/msg/detail/pose__type_support.cpp
[25.278s] -- Installing: /home/srinjoy/ros2tut/install/turtlesim/include/turtlesim/turtlesim/msg/detail/color__type_support.cpp
[25.279s] -- Installing: /home/srinjoy/ros2tut/install/turtlesim/include/turtlesim/turtlesim/msg/detail/pose__rosidl_typesupport_introspection_cpp.hpp
[25.279s] -- Up-to-date: /home/srinjoy/ros2tut/install/turtlesim/include/turtlesim/turtlesim/action
[25.279s] -- Up-to-date: /home/srinjoy/ros2tut/install/turtlesim/include/turtlesim/turtlesim/action/detail
[25.279s] -- Installing: /home/srinjoy/ros2tut/install/turtlesim/include/turtlesim/turtlesim/action/detail/rotate_absolute__rosidl_typesupport_introspection_cpp.hpp
[25.279s] -- Installing: /home/srinjoy/ros2tut/install/turtlesim/include/turtlesim/turtlesim/action/detail/rotate_absolute__type_support.cpp
[25.279s] -- Up-to-date: /home/srinjoy/ros2tut/install/turtlesim/include/turtlesim/turtlesim/srv
[25.280s] -- Up-to-date: /home/srinjoy/ros2tut/install/turtlesim/include/turtlesim/turtlesim/srv/detail
[25.280s] -- Installing: /home/srinjoy/ros2tut/install/turtlesim/include/turtlesim/turtlesim/srv/detail/teleport_relative__type_support.cpp
[25.280s] -- Installing: /home/srinjoy/ros2tut/install/turtlesim/include/turtlesim/turtlesim/srv/detail/spawn__rosidl_typesupport_introspection_cpp.hpp
[25.280s] -- Installing: /home/srinjoy/ros2tut/install/turtlesim/include/turtlesim/turtlesim/srv/detail/set_pen__type_support.cpp
[25.280s] -- Installing: /home/srinjoy/ros2tut/install/turtlesim/include/turtlesim/turtlesim/srv/detail/set_pen__rosidl_typesupport_introspection_cpp.hpp
[25.281s] -- Installing: /home/srinjoy/ros2tut/install/turtlesim/include/turtlesim/turtlesim/srv/detail/teleport_relative__rosidl_typesupport_introspection_cpp.hpp
[25.281s] -- Installing: /home/srinjoy/ros2tut/install/turtlesim/include/turtlesim/turtlesim/srv/detail/kill__type_support.cpp
[25.281s] -- Installing: /home/srinjoy/ros2tut/install/turtlesim/include/turtlesim/turtlesim/srv/detail/kill__rosidl_typesupport_introspection_cpp.hpp
[25.281s] -- Installing: /home/srinjoy/ros2tut/install/turtlesim/include/turtlesim/turtlesim/srv/detail/teleport_absolute__rosidl_typesupport_introspection_cpp.hpp
[25.281s] -- Installing: /home/srinjoy/ros2tut/install/turtlesim/include/turtlesim/turtlesim/srv/detail/spawn__type_support.cpp
[25.282s] -- Installing: /home/srinjoy/ros2tut/install/turtlesim/include/turtlesim/turtlesim/srv/detail/teleport_absolute__type_support.cpp
[25.282s] -- Installing: /home/srinjoy/ros2tut/install/turtlesim/lib/libturtlesim__rosidl_typesupport_introspection_cpp.so
[25.283s] -- Set runtime path of "/home/srinjoy/ros2tut/install/turtlesim/lib/libturtlesim__rosidl_typesupport_introspection_cpp.so" to ""
[25.283s] -- Installing: /home/srinjoy/ros2tut/install/turtlesim/lib/libturtlesim__rosidl_typesupport_cpp.so
[25.283s] -- Set runtime path of "/home/srinjoy/ros2tut/install/turtlesim/lib/libturtlesim__rosidl_typesupport_cpp.so" to ""
[25.284s] -- Installing: /home/srinjoy/ros2tut/install/turtlesim/share/turtlesim/environment/pythonpath.sh
[25.284s] -- Installing: /home/srinjoy/ros2tut/install/turtlesim/share/turtlesim/environment/pythonpath.dsv
[25.284s] -- Installing: /home/srinjoy/ros2tut/install/turtlesim/local/lib/python3.10/dist-packages/turtlesim-1.4.2-py3.10.egg-info
[25.284s] -- Installing: /home/srinjoy/ros2tut/install/turtlesim/local/lib/python3.10/dist-packages/turtlesim-1.4.2-py3.10.egg-info/SOURCES.txt
[25.284s] -- Installing: /home/srinjoy/ros2tut/install/turtlesim/local/lib/python3.10/dist-packages/turtlesim-1.4.2-py3.10.egg-info/top_level.txt
[25.284s] -- Installing: /home/srinjoy/ros2tut/install/turtlesim/local/lib/python3.10/dist-packages/turtlesim-1.4.2-py3.10.egg-info/dependency_links.txt
[25.285s] -- Installing: /home/srinjoy/ros2tut/install/turtlesim/local/lib/python3.10/dist-packages/turtlesim-1.4.2-py3.10.egg-info/PKG-INFO
[25.285s] -- Installing: /home/srinjoy/ros2tut/install/turtlesim/local/lib/python3.10/dist-packages/turtlesim
[25.285s] -- Installing: /home/srinjoy/ros2tut/install/turtlesim/local/lib/python3.10/dist-packages/turtlesim/turtlesim_s__rosidl_typesupport_c.cpython-310-x86_64-linux-gnu.so
[25.285s] -- Installing: /home/srinjoy/ros2tut/install/turtlesim/local/lib/python3.10/dist-packages/turtlesim/msg
[25.285s] -- Installing: /home/srinjoy/ros2tut/install/turtlesim/local/lib/python3.10/dist-packages/turtlesim/msg/_pose_s.c
[25.286s] -- Installing: /home/srinjoy/ros2tut/install/turtlesim/local/lib/python3.10/dist-packages/turtlesim/msg/_color.py
[25.286s] -- Installing: /home/srinjoy/ros2tut/install/turtlesim/local/lib/python3.10/dist-packages/turtlesim/msg/_color_s.c
[25.286s] -- Installing: /home/srinjoy/ros2tut/install/turtlesim/local/lib/python3.10/dist-packages/turtlesim/msg/_pose.py
[25.286s] -- Installing: /home/srinjoy/ros2tut/install/turtlesim/local/lib/python3.10/dist-packages/turtlesim/msg/__init__.py
[25.286s] -- Installing: /home/srinjoy/ros2tut/install/turtlesim/local/lib/python3.10/dist-packages/turtlesim/_turtlesim_s.ep.rosidl_typesupport_fastrtps_c.c
[25.287s] -- Installing: /home/srinjoy/ros2tut/install/turtlesim/local/lib/python3.10/dist-packages/turtlesim/libturtlesim__rosidl_generator_py.so
[25.287s] -- Installing: /home/srinjoy/ros2tut/install/turtlesim/local/lib/python3.10/dist-packages/turtlesim/_turtlesim_s.ep.rosidl_typesupport_c.c
[25.288s] -- Installing: /home/srinjoy/ros2tut/install/turtlesim/local/lib/python3.10/dist-packages/turtlesim/turtlesim_s__rosidl_typesupport_fastrtps_c.cpython-310-x86_64-linux-gnu.so
[25.288s] -- Installing: /home/srinjoy/ros2tut/install/turtlesim/local/lib/python3.10/dist-packages/turtlesim/turtlesim_s__rosidl_typesupport_introspection_c.cpython-310-x86_64-linux-gnu.so
[25.288s] -- Installing: /home/srinjoy/ros2tut/install/turtlesim/local/lib/python3.10/dist-packages/turtlesim/action
[25.288s] -- Installing: /home/srinjoy/ros2tut/install/turtlesim/local/lib/python3.10/dist-packages/turtlesim/action/_rotate_absolute_s.c
[25.289s] -- Installing: /home/srinjoy/ros2tut/install/turtlesim/local/lib/python3.10/dist-packages/turtlesim/action/__init__.py
[25.289s] -- Installing: /home/srinjoy/ros2tut/install/turtlesim/local/lib/python3.10/dist-packages/turtlesim/action/_rotate_absolute.py
[25.289s] -- Installing: /home/srinjoy/ros2tut/install/turtlesim/local/lib/python3.10/dist-packages/turtlesim/__init__.py
[25.289s] -- Installing: /home/srinjoy/ros2tut/install/turtlesim/local/lib/python3.10/dist-packages/turtlesim/srv
[25.290s] -- Installing: /home/srinjoy/ros2tut/install/turtlesim/local/lib/python3.10/dist-packages/turtlesim/srv/_set_pen.py
[25.290s] -- Installing: /home/srinjoy/ros2tut/install/turtlesim/local/lib/python3.10/dist-packages/turtlesim/srv/_kill_s.c
[25.290s] -- Installing: /home/srinjoy/ros2tut/install/turtlesim/local/lib/python3.10/dist-packages/turtlesim/srv/_set_pen_s.c
[25.290s] -- Installing: /home/srinjoy/ros2tut/install/turtlesim/local/lib/python3.10/dist-packages/turtlesim/srv/__init__.py
[25.290s] -- Installing: /home/srinjoy/ros2tut/install/turtlesim/local/lib/python3.10/dist-packages/turtlesim/srv/_teleport_absolute_s.c
[25.291s] -- Installing: /home/srinjoy/ros2tut/install/turtlesim/local/lib/python3.10/dist-packages/turtlesim/srv/_teleport_absolute.py
[25.291s] -- Installing: /home/srinjoy/ros2tut/install/turtlesim/local/lib/python3.10/dist-packages/turtlesim/srv/_spawn_s.c
[25.291s] -- Installing: /home/srinjoy/ros2tut/install/turtlesim/local/lib/python3.10/dist-packages/turtlesim/srv/_teleport_relative.py
[25.291s] -- Installing: /home/srinjoy/ros2tut/install/turtlesim/local/lib/python3.10/dist-packages/turtlesim/srv/_kill.py
[25.292s] -- Installing: /home/srinjoy/ros2tut/install/turtlesim/local/lib/python3.10/dist-packages/turtlesim/srv/_teleport_relative_s.c
[25.292s] -- Installing: /home/srinjoy/ros2tut/install/turtlesim/local/lib/python3.10/dist-packages/turtlesim/srv/_spawn.py
[25.292s] -- Installing: /home/srinjoy/ros2tut/install/turtlesim/local/lib/python3.10/dist-packages/turtlesim/_turtlesim_s.ep.rosidl_typesupport_introspection_c.c
[25.342s] Listing '/home/srinjoy/ros2tut/install/turtlesim/local/lib/python3.10/dist-packages/turtlesim'...
[25.342s] Compiling '/home/srinjoy/ros2tut/install/turtlesim/local/lib/python3.10/dist-packages/turtlesim/__init__.py'...
[25.342s] Listing '/home/srinjoy/ros2tut/install/turtlesim/local/lib/python3.10/dist-packages/turtlesim/action'...
[25.343s] Compiling '/home/srinjoy/ros2tut/install/turtlesim/local/lib/python3.10/dist-packages/turtlesim/action/__init__.py'...
[25.343s] Compiling '/home/srinjoy/ros2tut/install/turtlesim/local/lib/python3.10/dist-packages/turtlesim/action/_rotate_absolute.py'...
[25.343s] Listing '/home/srinjoy/ros2tut/install/turtlesim/local/lib/python3.10/dist-packages/turtlesim/msg'...
[25.343s] Compiling '/home/srinjoy/ros2tut/install/turtlesim/local/lib/python3.10/dist-packages/turtlesim/msg/__init__.py'...
[25.343s] Compiling '/home/srinjoy/ros2tut/install/turtlesim/local/lib/python3.10/dist-packages/turtlesim/msg/_color.py'...
[25.343s] Compiling '/home/srinjoy/ros2tut/install/turtlesim/local/lib/python3.10/dist-packages/turtlesim/msg/_pose.py'...
[25.343s] Listing '/home/srinjoy/ros2tut/install/turtlesim/local/lib/python3.10/dist-packages/turtlesim/srv'...
[25.343s] Compiling '/home/srinjoy/ros2tut/install/turtlesim/local/lib/python3.10/dist-packages/turtlesim/srv/__init__.py'...
[25.343s] Compiling '/home/srinjoy/ros2tut/install/turtlesim/local/lib/python3.10/dist-packages/turtlesim/srv/_kill.py'...
[25.344s] Compiling '/home/srinjoy/ros2tut/install/turtlesim/local/lib/python3.10/dist-packages/turtlesim/srv/_set_pen.py'...
[25.344s] Compiling '/home/srinjoy/ros2tut/install/turtlesim/local/lib/python3.10/dist-packages/turtlesim/srv/_spawn.py'...
[25.344s] Compiling '/home/srinjoy/ros2tut/install/turtlesim/local/lib/python3.10/dist-packages/turtlesim/srv/_teleport_absolute.py'...
[25.344s] Compiling '/home/srinjoy/ros2tut/install/turtlesim/local/lib/python3.10/dist-packages/turtlesim/srv/_teleport_relative.py'...
[25.347s] -- Installing: /home/srinjoy/ros2tut/install/turtlesim/local/lib/python3.10/dist-packages/turtlesim/turtlesim_s__rosidl_typesupport_fastrtps_c.cpython-310-x86_64-linux-gnu.so
[25.348s] -- Set runtime path of "/home/srinjoy/ros2tut/install/turtlesim/local/lib/python3.10/dist-packages/turtlesim/turtlesim_s__rosidl_typesupport_fastrtps_c.cpython-310-x86_64-linux-gnu.so" to ""
[25.349s] -- Installing: /home/srinjoy/ros2tut/install/turtlesim/local/lib/python3.10/dist-packages/turtlesim/turtlesim_s__rosidl_typesupport_introspection_c.cpython-310-x86_64-linux-gnu.so
[25.349s] -- Set runtime path of "/home/srinjoy/ros2tut/install/turtlesim/local/lib/python3.10/dist-packages/turtlesim/turtlesim_s__rosidl_typesupport_introspection_c.cpython-310-x86_64-linux-gnu.so" to ""
[25.349s] -- Installing: /home/srinjoy/ros2tut/install/turtlesim/local/lib/python3.10/dist-packages/turtlesim/turtlesim_s__rosidl_typesupport_c.cpython-310-x86_64-linux-gnu.so
[25.350s] -- Set runtime path of "/home/srinjoy/ros2tut/install/turtlesim/local/lib/python3.10/dist-packages/turtlesim/turtlesim_s__rosidl_typesupport_c.cpython-310-x86_64-linux-gnu.so" to ""
[25.350s] -- Installing: /home/srinjoy/ros2tut/install/turtlesim/lib/libturtlesim__rosidl_generator_py.so
[25.350s] -- Set runtime path of "/home/srinjoy/ros2tut/install/turtlesim/lib/libturtlesim__rosidl_generator_py.so" to ""
[25.350s] -- Installing: /home/srinjoy/ros2tut/install/turtlesim/share/turtlesim/action/RotateAbsolute.idl
[25.350s] -- Installing: /home/srinjoy/ros2tut/install/turtlesim/share/turtlesim/msg/Color.idl
[25.351s] -- Installing: /home/srinjoy/ros2tut/install/turtlesim/share/turtlesim/msg/Pose.idl
[25.351s] -- Installing: /home/srinjoy/ros2tut/install/turtlesim/share/turtlesim/srv/Kill.idl
[25.351s] -- Installing: /home/srinjoy/ros2tut/install/turtlesim/share/turtlesim/srv/SetPen.idl
[25.351s] -- Installing: /home/srinjoy/ros2tut/install/turtlesim/share/turtlesim/srv/Spawn.idl
[25.351s] -- Installing: /home/srinjoy/ros2tut/install/turtlesim/share/turtlesim/srv/TeleportAbsolute.idl
[25.351s] -- Installing: /home/srinjoy/ros2tut/install/turtlesim/share/turtlesim/srv/TeleportRelative.idl
[25.351s] -- Installing: /home/srinjoy/ros2tut/install/turtlesim/share/turtlesim/action/RotateAbsolute.action
[25.352s] -- Installing: /home/srinjoy/ros2tut/install/turtlesim/share/turtlesim/msg/Color.msg
[25.352s] -- Installing: /home/srinjoy/ros2tut/install/turtlesim/share/turtlesim/msg/Pose.msg
[25.352s] -- Installing: /home/srinjoy/ros2tut/install/turtlesim/share/turtlesim/srv/Kill.srv
[25.352s] -- Installing: /home/srinjoy/ros2tut/install/turtlesim/share/turtlesim/srv/Kill_Request.msg
[25.352s] -- Installing: /home/srinjoy/ros2tut/install/turtlesim/share/turtlesim/srv/Kill_Response.msg
[25.352s] -- Installing: /home/srinjoy/ros2tut/install/turtlesim/share/turtlesim/srv/SetPen.srv
[25.352s] -- Installing: /home/srinjoy/ros2tut/install/turtlesim/share/turtlesim/srv/SetPen_Request.msg
[25.353s] -- Installing: /home/srinjoy/ros2tut/install/turtlesim/share/turtlesim/srv/SetPen_Response.msg
[25.353s] -- Installing: /home/srinjoy/ros2tut/install/turtlesim/share/turtlesim/srv/Spawn.srv
[25.353s] -- Installing: /home/srinjoy/ros2tut/install/turtlesim/share/turtlesim/srv/Spawn_Request.msg
[25.353s] -- Installing: /home/srinjoy/ros2tut/install/turtlesim/share/turtlesim/srv/Spawn_Response.msg
[25.354s] -- Installing: /home/srinjoy/ros2tut/install/turtlesim/share/turtlesim/srv/TeleportAbsolute.srv
[25.354s] -- Installing: /home/srinjoy/ros2tut/install/turtlesim/share/turtlesim/srv/TeleportAbsolute_Request.msg
[25.354s] -- Installing: /home/srinjoy/ros2tut/install/turtlesim/share/turtlesim/srv/TeleportAbsolute_Response.msg
[25.354s] -- Installing: /home/srinjoy/ros2tut/install/turtlesim/share/turtlesim/srv/TeleportRelative.srv
[25.354s] -- Installing: /home/srinjoy/ros2tut/install/turtlesim/share/turtlesim/srv/TeleportRelative_Request.msg
[25.354s] -- Installing: /home/srinjoy/ros2tut/install/turtlesim/share/turtlesim/srv/TeleportRelative_Response.msg
[25.355s] -- Installing: /home/srinjoy/ros2tut/install/turtlesim/lib/turtlesim/turtlesim_node
[25.366s] -- Set runtime path of "/home/srinjoy/ros2tut/install/turtlesim/lib/turtlesim/turtlesim_node" to ""
[25.366s] -- Installing: /home/srinjoy/ros2tut/install/turtlesim/lib/turtlesim/turtle_teleop_key
[25.368s] -- Set runtime path of "/home/srinjoy/ros2tut/install/turtlesim/lib/turtlesim/turtle_teleop_key" to ""
[25.368s] -- Installing: /home/srinjoy/ros2tut/install/turtlesim/lib/turtlesim/draw_square
[25.374s] -- Set runtime path of "/home/srinjoy/ros2tut/install/turtlesim/lib/turtlesim/draw_square" to ""
[25.374s] -- Installing: /home/srinjoy/ros2tut/install/turtlesim/lib/turtlesim/mimic
[25.378s] -- Set runtime path of "/home/srinjoy/ros2tut/install/turtlesim/lib/turtlesim/mimic" to ""
[25.379s] -- Installing: /home/srinjoy/ros2tut/install/turtlesim/share/turtlesim/images
[25.379s] -- Installing: /home/srinjoy/ros2tut/install/turtlesim/share/turtlesim/images/humble.png
[25.379s] -- Installing: /home/srinjoy/ros2tut/install/turtlesim/share/turtlesim/images/bouncy.png
[25.379s] -- Installing: /home/srinjoy/ros2tut/install/turtlesim/share/turtlesim/images/eloquent.png
[25.379s] -- Installing: /home/srinjoy/ros2tut/install/turtlesim/share/turtlesim/images/galactic.png
[25.379s] -- Installing: /home/srinjoy/ros2tut/install/turtlesim/share/turtlesim/images/ardent.png
[25.380s] -- Installing: /home/srinjoy/ros2tut/install/turtlesim/share/turtlesim/images/rolling.png
[25.380s] -- Installing: /home/srinjoy/ros2tut/install/turtlesim/share/turtlesim/images/foxy.png
[25.380s] -- Installing: /home/srinjoy/ros2tut/install/turtlesim/share/turtlesim/images/crystal.png
[25.380s] -- Installing: /home/srinjoy/ros2tut/install/turtlesim/share/turtlesim/images/dashing.png
[25.380s] -- Installing: /home/srinjoy/ros2tut/install/turtlesim/share/turtlesim/launch
[25.380s] -- Installing: /home/srinjoy/ros2tut/install/turtlesim/share/turtlesim/launch/multisim.launch.py
[25.381s] -- Installing: /home/srinjoy/ros2tut/install/turtlesim/share/ament_index/resource_index/package_run_dependencies/turtlesim
[25.381s] -- Installing: /home/srinjoy/ros2tut/install/turtlesim/share/ament_index/resource_index/parent_prefix_path/turtlesim
[25.382s] -- Installing: /home/srinjoy/ros2tut/install/turtlesim/share/turtlesim/environment/ament_prefix_path.sh
[25.382s] -- Installing: /home/srinjoy/ros2tut/install/turtlesim/share/turtlesim/environment/ament_prefix_path.dsv
[25.382s] -- Installing: /home/srinjoy/ros2tut/install/turtlesim/share/turtlesim/environment/path.sh
[25.383s] -- Installing: /home/srinjoy/ros2tut/install/turtlesim/share/turtlesim/environment/path.dsv
[25.383s] -- Installing: /home/srinjoy/ros2tut/install/turtlesim/share/turtlesim/local_setup.bash
[25.383s] -- Installing: /home/srinjoy/ros2tut/install/turtlesim/share/turtlesim/local_setup.sh
[25.383s] -- Installing: /home/srinjoy/ros2tut/install/turtlesim/share/turtlesim/local_setup.zsh
[25.383s] -- Installing: /home/srinjoy/ros2tut/install/turtlesim/share/turtlesim/local_setup.dsv
[25.384s] -- Installing: /home/srinjoy/ros2tut/install/turtlesim/share/turtlesim/package.dsv
[25.384s] -- Installing: /home/srinjoy/ros2tut/install/turtlesim/share/ament_index/resource_index/packages/turtlesim
[25.384s] -- Installing: /home/srinjoy/ros2tut/install/turtlesim/share/turtlesim/cmake/export_turtlesim__rosidl_generator_cExport.cmake
[25.384s] -- Installing: /home/srinjoy/ros2tut/install/turtlesim/share/turtlesim/cmake/export_turtlesim__rosidl_generator_cExport-noconfig.cmake
[25.385s] -- Installing: /home/srinjoy/ros2tut/install/turtlesim/share/turtlesim/cmake/export_turtlesim__rosidl_typesupport_fastrtps_cExport.cmake
[25.385s] -- Installing: /home/srinjoy/ros2tut/install/turtlesim/share/turtlesim/cmake/export_turtlesim__rosidl_typesupport_fastrtps_cExport-noconfig.cmake
[25.385s] -- Installing: /home/srinjoy/ros2tut/install/turtlesim/share/turtlesim/cmake/export_turtlesim__rosidl_generator_cppExport.cmake
[25.385s] -- Installing: /home/srinjoy/ros2tut/install/turtlesim/share/turtlesim/cmake/export_turtlesim__rosidl_typesupport_fastrtps_cppExport.cmake
[25.385s] -- Installing: /home/srinjoy/ros2tut/install/turtlesim/share/turtlesim/cmake/export_turtlesim__rosidl_typesupport_fastrtps_cppExport-noconfig.cmake
[25.386s] -- Installing: /home/srinjoy/ros2tut/install/turtlesim/share/turtlesim/cmake/turtlesim__rosidl_typesupport_introspection_cExport.cmake
[25.386s] -- Installing: /home/srinjoy/ros2tut/install/turtlesim/share/turtlesim/cmake/turtlesim__rosidl_typesupport_introspection_cExport-noconfig.cmake
[25.386s] -- Installing: /home/srinjoy/ros2tut/install/turtlesim/share/turtlesim/cmake/turtlesim__rosidl_typesupport_cExport.cmake
[25.386s] -- Installing: /home/srinjoy/ros2tut/install/turtlesim/share/turtlesim/cmake/turtlesim__rosidl_typesupport_cExport-noconfig.cmake
[25.386s] -- Installing: /home/srinjoy/ros2tut/install/turtlesim/share/turtlesim/cmake/turtlesim__rosidl_typesupport_introspection_cppExport.cmake
[25.387s] -- Installing: /home/srinjoy/ros2tut/install/turtlesim/share/turtlesim/cmake/turtlesim__rosidl_typesupport_introspection_cppExport-noconfig.cmake
[25.387s] -- Installing: /home/srinjoy/ros2tut/install/turtlesim/share/turtlesim/cmake/turtlesim__rosidl_typesupport_cppExport.cmake
[25.387s] -- Installing: /home/srinjoy/ros2tut/install/turtlesim/share/turtlesim/cmake/turtlesim__rosidl_typesupport_cppExport-noconfig.cmake
[25.387s] -- Installing: /home/srinjoy/ros2tut/install/turtlesim/share/turtlesim/cmake/export_turtlesim__rosidl_generator_pyExport.cmake
[25.387s] -- Installing: /home/srinjoy/ros2tut/install/turtlesim/share/turtlesim/cmake/export_turtlesim__rosidl_generator_pyExport-noconfig.cmake
[25.388s] -- Installing: /home/srinjoy/ros2tut/install/turtlesim/share/turtlesim/cmake/rosidl_cmake-extras.cmake
[25.388s] -- Installing: /home/srinjoy/ros2tut/install/turtlesim/share/turtlesim/cmake/ament_cmake_export_dependencies-extras.cmake
[25.388s] -- Installing: /home/srinjoy/ros2tut/install/turtlesim/share/turtlesim/cmake/ament_cmake_export_include_directories-extras.cmake
[25.388s] -- Installing: /home/srinjoy/ros2tut/install/turtlesim/share/turtlesim/cmake/ament_cmake_export_libraries-extras.cmake
[25.389s] -- Installing: /home/srinjoy/ros2tut/install/turtlesim/share/turtlesim/cmake/ament_cmake_export_targets-extras.cmake
[25.389s] -- Installing: /home/srinjoy/ros2tut/install/turtlesim/share/turtlesim/cmake/rosidl_cmake_export_typesupport_targets-extras.cmake
[25.389s] -- Installing: /home/srinjoy/ros2tut/install/turtlesim/share/turtlesim/cmake/rosidl_cmake_export_typesupport_libraries-extras.cmake
[25.389s] -- Installing: /home/srinjoy/ros2tut/install/turtlesim/share/turtlesim/cmake/turtlesimConfig.cmake
[25.389s] -- Installing: /home/srinjoy/ros2tut/install/turtlesim/share/turtlesim/cmake/turtlesimConfig-version.cmake
[25.390s] -- Installing: /home/srinjoy/ros2tut/install/turtlesim/share/turtlesim/package.xml
[25.397s] Invoked command in '/home/srinjoy/ros2tut/build/turtlesim' returned '0': CMAKE_PREFIX_PATH=${CMAKE_PREFIX_PATH}:/home/srinjoy/hb_task2_ws/install/hb_task2b:/home/srinjoy/hb_task2_ws/install/hb_task2a:/home/srinjoy/ws_moveit/install/moveit_configs_utils:/opt/ros/humble /home/srinjoy/.local/bin/cmake --install /home/srinjoy/ros2tut/build/turtlesim
