[1.166s] Invoking command in '/home/srinjoy/ros2tut/src/my_package': PYTHONPATH=/home/srinjoy/ros2tut/build/my_package/prefix_override:/home/srinjoy/ros2tut/install/my_package/lib/python3.10/site-packages:${PYTHONPATH} /usr/bin/python3 setup.py egg_info --egg-base ../../build/my_package build --build-base /home/srinjoy/ros2tut/build/my_package/build install --record /home/srinjoy/ros2tut/build/my_package/install.log --single-version-externally-managed
[1.408s] running egg_info
[1.408s] creating ../../build/my_package/my_package.egg-info
[1.408s] writing ../../build/my_package/my_package.egg-info/PKG-INFO
[1.408s] writing dependency_links to ../../build/my_package/my_package.egg-info/dependency_links.txt
[1.409s] writing entry points to ../../build/my_package/my_package.egg-info/entry_points.txt
[1.409s] writing requirements to ../../build/my_package/my_package.egg-info/requires.txt
[1.409s] writing top-level names to ../../build/my_package/my_package.egg-info/top_level.txt
[1.409s] writing manifest file '../../build/my_package/my_package.egg-info/SOURCES.txt'
[1.410s] reading manifest file '../../build/my_package/my_package.egg-info/SOURCES.txt'
[1.411s] adding license file 'LICENSE'
[1.411s] writing manifest file '../../build/my_package/my_package.egg-info/SOURCES.txt'
[1.411s] running build
[1.411s] running build_py
[1.411s] creating /home/srinjoy/ros2tut/build/my_package/build
[1.411s] creating /home/srinjoy/ros2tut/build/my_package/build/lib
[1.411s] creating /home/srinjoy/ros2tut/build/my_package/build/lib/my_package
[1.411s] copying my_package/my_node.py -> /home/srinjoy/ros2tut/build/my_package/build/lib/my_package
[1.411s] copying my_package/__init__.py -> /home/srinjoy/ros2tut/build/my_package/build/lib/my_package
[1.412s] running install
[1.412s] /usr/lib/python3/dist-packages/setuptools/command/install.py:34: SetuptoolsDeprecationWarning: setup.py install is deprecated. Use build and pip and other standards-based tools.
[1.412s]   warnings.warn(
[1.412s] running install_lib
[1.413s] creating /home/srinjoy/ros2tut/install/my_package/lib/python3.10/site-packages/my_package
[1.413s] copying /home/srinjoy/ros2tut/build/my_package/build/lib/my_package/my_node.py -> /home/srinjoy/ros2tut/install/my_package/lib/python3.10/site-packages/my_package
[1.413s] copying /home/srinjoy/ros2tut/build/my_package/build/lib/my_package/__init__.py -> /home/srinjoy/ros2tut/install/my_package/lib/python3.10/site-packages/my_package
[1.414s] byte-compiling /home/srinjoy/ros2tut/install/my_package/lib/python3.10/site-packages/my_package/my_node.py to my_node.cpython-310.pyc
[1.414s] byte-compiling /home/srinjoy/ros2tut/install/my_package/lib/python3.10/site-packages/my_package/__init__.py to __init__.cpython-310.pyc
[1.414s] running install_data
[1.415s] creating /home/srinjoy/ros2tut/install/my_package/share/ament_index
[1.415s] creating /home/srinjoy/ros2tut/install/my_package/share/ament_index/resource_index
[1.415s] creating /home/srinjoy/ros2tut/install/my_package/share/ament_index/resource_index/packages
[1.415s] copying resource/my_package -> /home/srinjoy/ros2tut/install/my_package/share/ament_index/resource_index/packages
[1.415s] copying package.xml -> /home/srinjoy/ros2tut/install/my_package/share/my_package
[1.415s] running install_egg_info
[1.417s] Copying ../../build/my_package/my_package.egg-info to /home/srinjoy/ros2tut/install/my_package/lib/python3.10/site-packages/my_package-0.0.0-py3.10.egg-info
[1.417s] running install_scripts
[1.437s] Installing my_node script to /home/srinjoy/ros2tut/install/my_package/lib/my_package
[1.437s] writing list of installed files to '/home/srinjoy/ros2tut/build/my_package/install.log'
[1.474s] Invoked command in '/home/srinjoy/ros2tut/src/my_package' returned '0': PYTHONPATH=/home/srinjoy/ros2tut/build/my_package/prefix_override:/home/srinjoy/ros2tut/install/my_package/lib/python3.10/site-packages:${PYTHONPATH} /usr/bin/python3 setup.py egg_info --egg-base ../../build/my_package build --build-base /home/srinjoy/ros2tut/build/my_package/build install --record /home/srinjoy/ros2tut/build/my_package/install.log --single-version-externally-managed
