-- The C compiler identification is GNU 11.4.0
-- The CXX compiler identification is GNU 11.4.0
-- Detecting C compiler ABI info
-- Detecting C compiler ABI info - done
-- Check for working C compiler: /usr/bin/cc - skipped
-- Detecting C compile features
-- Detecting C compile features - done
-- Detecting CXX compiler ABI info
-- Detecting CXX compiler ABI info - done
-- Check for working CXX compiler: /usr/bin/c++ - skipped
-- Detecting CXX compile features
-- Detecting CXX compile features - done
-- Found ament_cmake: 1.3.6 (/opt/ros/humble/share/ament_cmake/cmake)
-- Found Python3: /usr/bin/python3.10 (found version "3.10.12") found components: Interpreter 
-- Found ament_lint_auto: 0.12.9 (/opt/ros/humble/share/ament_lint_auto/cmake)
-- Added test 'lint_cmake' to check CMake code style
-- Added test 'xmllint' to check XML markup files
-- Configuring done (1.3s)
-- Generating done (0.0s)
-- Build files have been written to: /home/srinjoy/ros2tut/build/tutorials
-- Install configuration: ""
-- Installing: /home/srinjoy/ros2tut/install/tutorials/share/ament_index/resource_index/package_run_dependencies/tutorials
-- Installing: /home/srinjoy/ros2tut/install/tutorials/share/ament_index/resource_index/parent_prefix_path/tutorials
-- Installing: /home/srinjoy/ros2tut/install/tutorials/share/tutorials/environment/ament_prefix_path.sh
-- Installing: /home/srinjoy/ros2tut/install/tutorials/share/tutorials/environment/ament_prefix_path.dsv
-- Installing: /home/srinjoy/ros2tut/install/tutorials/share/tutorials/environment/path.sh
-- Installing: /home/srinjoy/ros2tut/install/tutorials/share/tutorials/environment/path.dsv
-- Installing: /home/srinjoy/ros2tut/install/tutorials/share/tutorials/local_setup.bash
-- Installing: /home/srinjoy/ros2tut/install/tutorials/share/tutorials/local_setup.sh
-- Installing: /home/srinjoy/ros2tut/install/tutorials/share/tutorials/local_setup.zsh
-- Installing: /home/srinjoy/ros2tut/install/tutorials/share/tutorials/local_setup.dsv
-- Installing: /home/srinjoy/ros2tut/install/tutorials/share/tutorials/package.dsv
-- Installing: /home/srinjoy/ros2tut/install/tutorials/share/ament_index/resource_index/packages/tutorials
-- Installing: /home/srinjoy/ros2tut/install/tutorials/share/tutorials/cmake/tutorialsConfig.cmake
-- Installing: /home/srinjoy/ros2tut/install/tutorials/share/tutorials/cmake/tutorialsConfig-version.cmake
-- Installing: /home/srinjoy/ros2tut/install/tutorials/share/tutorials/package.xml
