[0.497s] Invoking command in '/home/srinjoy/ros2tut/build/tutorials': CMAKE_PREFIX_PATH=${CMAKE_PREFIX_PATH}:/home/srinjoy/hb_task2_ws/install/hb_task2b:/home/srinjoy/hb_task2_ws/install/hb_task2a:/home/srinjoy/ws_moveit/install/moveit_configs_utils:/opt/ros/humble /home/srinjoy/.local/bin/cmake /home/srinjoy/ros2tut/src/tutorials -DCMAKE_INSTALL_PREFIX=/home/srinjoy/ros2tut/install/tutorials
[0.593s] -- The C compiler identification is GNU 11.4.0
[0.677s] -- The CXX compiler identification is GNU 11.4.0
[0.704s] -- Detecting C compiler ABI info
[0.811s] -- Detecting C compiler ABI info - done
[0.822s] -- Check for working C compiler: /usr/bin/cc - skipped
[0.822s] -- Detecting C compile features
[0.822s] -- Detecting C compile features - done
[0.838s] -- Detecting CXX compiler ABI info
[0.955s] -- Detecting CXX compiler ABI info - done
[0.966s] -- Check for working CXX compiler: /usr/bin/c++ - skipped
[0.966s] -- Detecting CXX compile features
[0.966s] -- Detecting CXX compile features - done
[0.976s] -- Found ament_cmake: 1.3.6 (/opt/ros/humble/share/ament_cmake/cmake)
[1.519s] -- Found Python3: /usr/bin/python3.10 (found version "3.10.12") found components: Interpreter 
[1.690s] -- Found ament_lint_auto: 0.12.9 (/opt/ros/humble/share/ament_lint_auto/cmake)
[1.807s] -- Added test 'lint_cmake' to check CMake code style
[1.810s] -- Added test 'xmllint' to check XML markup files
[1.813s] -- Configuring done (1.3s)
[1.818s] -- Generating done (0.0s)
[1.819s] -- Build files have been written to: /home/srinjoy/ros2tut/build/tutorials
[1.827s] Invoked command in '/home/srinjoy/ros2tut/build/tutorials' returned '0': CMAKE_PREFIX_PATH=${CMAKE_PREFIX_PATH}:/home/srinjoy/hb_task2_ws/install/hb_task2b:/home/srinjoy/hb_task2_ws/install/hb_task2a:/home/srinjoy/ws_moveit/install/moveit_configs_utils:/opt/ros/humble /home/srinjoy/.local/bin/cmake /home/srinjoy/ros2tut/src/tutorials -DCMAKE_INSTALL_PREFIX=/home/srinjoy/ros2tut/install/tutorials
[1.829s] Invoking command in '/home/srinjoy/ros2tut/build/tutorials': CMAKE_PREFIX_PATH=${CMAKE_PREFIX_PATH}:/home/srinjoy/hb_task2_ws/install/hb_task2b:/home/srinjoy/hb_task2_ws/install/hb_task2a:/home/srinjoy/ws_moveit/install/moveit_configs_utils:/opt/ros/humble /home/srinjoy/.local/bin/cmake --build /home/srinjoy/ros2tut/build/tutorials -- -j12 -l12
[1.884s] Invoked command in '/home/srinjoy/ros2tut/build/tutorials' returned '0': CMAKE_PREFIX_PATH=${CMAKE_PREFIX_PATH}:/home/srinjoy/hb_task2_ws/install/hb_task2b:/home/srinjoy/hb_task2_ws/install/hb_task2a:/home/srinjoy/ws_moveit/install/moveit_configs_utils:/opt/ros/humble /home/srinjoy/.local/bin/cmake --build /home/srinjoy/ros2tut/build/tutorials -- -j12 -l12
[1.950s] Invoking command in '/home/srinjoy/ros2tut/build/tutorials': CMAKE_PREFIX_PATH=${CMAKE_PREFIX_PATH}:/home/srinjoy/hb_task2_ws/install/hb_task2b:/home/srinjoy/hb_task2_ws/install/hb_task2a:/home/srinjoy/ws_moveit/install/moveit_configs_utils:/opt/ros/humble /home/srinjoy/.local/bin/cmake --install /home/srinjoy/ros2tut/build/tutorials
[1.979s] -- Install configuration: ""
[1.979s] -- Installing: /home/srinjoy/ros2tut/install/tutorials/share/ament_index/resource_index/package_run_dependencies/tutorials
[1.979s] -- Installing: /home/srinjoy/ros2tut/install/tutorials/share/ament_index/resource_index/parent_prefix_path/tutorials
[1.979s] -- Installing: /home/srinjoy/ros2tut/install/tutorials/share/tutorials/environment/ament_prefix_path.sh
[1.979s] -- Installing: /home/srinjoy/ros2tut/install/tutorials/share/tutorials/environment/ament_prefix_path.dsv
[1.979s] -- Installing: /home/srinjoy/ros2tut/install/tutorials/share/tutorials/environment/path.sh
[1.980s] -- Installing: /home/srinjoy/ros2tut/install/tutorials/share/tutorials/environment/path.dsv
[1.980s] -- Installing: /home/srinjoy/ros2tut/install/tutorials/share/tutorials/local_setup.bash
[1.980s] -- Installing: /home/srinjoy/ros2tut/install/tutorials/share/tutorials/local_setup.sh
[1.980s] -- Installing: /home/srinjoy/ros2tut/install/tutorials/share/tutorials/local_setup.zsh
[1.980s] -- Installing: /home/srinjoy/ros2tut/install/tutorials/share/tutorials/local_setup.dsv
[1.980s] -- Installing: /home/srinjoy/ros2tut/install/tutorials/share/tutorials/package.dsv
[1.980s] -- Installing: /home/srinjoy/ros2tut/install/tutorials/share/ament_index/resource_index/packages/tutorials
[1.981s] -- Installing: /home/srinjoy/ros2tut/install/tutorials/share/tutorials/cmake/tutorialsConfig.cmake
[1.981s] -- Installing: /home/srinjoy/ros2tut/install/tutorials/share/tutorials/cmake/tutorialsConfig-version.cmake
[1.981s] -- Installing: /home/srinjoy/ros2tut/install/tutorials/share/tutorials/package.xml
[1.987s] Invoked command in '/home/srinjoy/ros2tut/build/tutorials' returned '0': CMAKE_PREFIX_PATH=${CMAKE_PREFIX_PATH}:/home/srinjoy/hb_task2_ws/install/hb_task2b:/home/srinjoy/hb_task2_ws/install/hb_task2a:/home/srinjoy/ws_moveit/install/moveit_configs_utils:/opt/ros/humble /home/srinjoy/.local/bin/cmake --install /home/srinjoy/ros2tut/build/tutorials
